<?xml version="1.0" encoding="UTF-8"?>
<robot generator="Robot 4.0.3 (Python 3.7.4 on win32)" generated="20210722 22:13:45.486" rpa="false" schemaversion="2">
<suite id="s1" name="Demo1" source="C:\Robotframework Projects\Demo\Demo1.robot">
<test id="s1-t1" name="Testcase_06">
<kw name="Log To Console" library="BuiltIn">
<arg>Hello World</arg>
<doc>Logs the given message to the console.</doc>
<status status="PASS" starttime="20210722 22:13:45.517" endtime="20210722 22:13:45.517"/>
</kw>
<status status="PASS" starttime="20210722 22:13:45.517" endtime="20210722 22:13:45.517"/>
</test>
<status status="PASS" starttime="20210722 22:13:45.486" endtime="20210722 22:13:45.533"/>
</suite>
<statistics>
<total>
<stat pass="1" fail="0" skip="0">All Tests</stat>
</total>
<tag>
</tag>
<suite>
<stat pass="1" fail="0" skip="0" id="s1" name="Demo1">Demo1</stat>
</suite>
</statistics>
<errors>
</errors>
</robot>
